Determining if the pthread_create exist failed with the following output:
Change Dir: /home/eric/catkin_ws/src/ORB_SLAM2/build/CMakeFiles/CMakeTmp

Run Build Command:"/usr/bin/make" "cmTC_21049/fast"
/usr/bin/make -f CMakeFiles/cmTC_21049.dir/build.make CMakeFiles/cmTC_21049.dir/build
make[1]: Entering directory '/home/eric/catkin_ws/src/ORB_SLAM2/build/CMakeFiles/CMakeTmp'
Building C object CMakeFiles/cmTC_21049.dir/CheckSymbolExists.c.o
/usr/bin/cc    -Wall  -O3 -march=native     -o CMakeFiles/cmTC_21049.dir/CheckSymbolExists.c.o   -c /home/eric/catkin_ws/src/ORB_SLAM2/build/CMakeFiles/CMakeTmp/CheckSymbolExists.c
Linking C executable cmTC_21049
/usr/bin/cmake -E cmake_link_script CMakeFiles/cmTC_21049.dir/link.txt --verbose=1
/usr/bin/cc    -Wall  -O3 -march=native      CMakeFiles/cmTC_21049.dir/CheckSymbolExists.c.o  -o cmTC_21049 -rdynamic 
CMakeFiles/cmTC_21049.dir/CheckSymbolExists.c.o: In function `main':
CheckSymbolExists.c:(.text.startup+0x6): undefined reference to `pthread_create'
collect2: error: ld returned 1 exit status
CMakeFiles/cmTC_21049.dir/build.make:97: recipe for target 'cmTC_21049' failed
make[1]: *** [cmTC_21049] Error 1
make[1]: Leaving directory '/home/eric/catkin_ws/src/ORB_SLAM2/build/CMakeFiles/CMakeTmp'
Makefile:126: recipe for target 'cmTC_21049/fast' failed
make: *** [cmTC_21049/fast] Error 2

File /home/eric/catkin_ws/src/ORB_SLAM2/build/CMakeFiles/CMakeTmp/CheckSymbolExists.c:
/* */
#include <pthread.h>

int main(int argc, char** argv)
{
  (void)argv;
#ifndef pthread_create
  return ((int*)(&pthread_create))[argc];
#else
  (void)argc;
  return 0;
#endif
}

Determining if the function pthread_create exists in the pthreads failed with the following output:
Change Dir: /home/eric/catkin_ws/src/ORB_SLAM2/build/CMakeFiles/CMakeTmp

Run Build Command:"/usr/bin/make" "cmTC_982fd/fast"
/usr/bin/make -f CMakeFiles/cmTC_982fd.dir/build.make CMakeFiles/cmTC_982fd.dir/build
make[1]: Entering directory '/home/eric/catkin_ws/src/ORB_SLAM2/build/CMakeFiles/CMakeTmp'
Building C object CMakeFiles/cmTC_982fd.dir/CheckFunctionExists.c.o
/usr/bin/cc    -Wall  -O3 -march=native  -DCHECK_FUNCTION_EXISTS=pthread_create   -o CMakeFiles/cmTC_982fd.dir/CheckFunctionExists.c.o   -c /usr/share/cmake-3.5/Modules/CheckFunctionExists.c
Linking C executable cmTC_982fd
/usr/bin/cmake -E cmake_link_script CMakeFiles/cmTC_982fd.dir/link.txt --verbose=1
/usr/bin/cc    -Wall  -O3 -march=native  -DCHECK_FUNCTION_EXISTS=pthread_create    CMakeFiles/cmTC_982fd.dir/CheckFunctionExists.c.o  -o cmTC_982fd -rdynamic -lpthreads 
/usr/bin/ld: cannot find -lpthreads
collect2: error: ld returned 1 exit status
CMakeFiles/cmTC_982fd.dir/build.make:97: recipe for target 'cmTC_982fd' failed
make[1]: *** [cmTC_982fd] Error 1
make[1]: Leaving directory '/home/eric/catkin_ws/src/ORB_SLAM2/build/CMakeFiles/CMakeTmp'
Makefile:126: recipe for target 'cmTC_982fd/fast' failed
make: *** [cmTC_982fd/fast] Error 2


